#
# There is insufficient memory for the Java Runtime Environment to continue.
# Native memory allocation (malloc) failed to allocate 133776 bytes for Chunk::new
# Possible reasons:
#   The system is out of physical RAM or swap space
#   The process is running with CompressedOops enabled, and the Java Heap may be blocking the growth of the native heap
# Possible solutions:
#   Reduce memory load on the system
#   Increase physical memory or swap space
#   Check if swap backing store is full
#   Decrease Java heap size (-Xmx/-Xms)
#   Decrease number of Java threads
#   Decrease Java thread stack sizes (-Xss)
#   Set larger code cache with -XX:ReservedCodeCacheSize=
#   JVM is running with Unscaled Compressed Oops mode in which the Java heap is
#     placed in the first 4GB address space. The Java Heap base address is the
#     maximum limit for the native heap growth. Please use -XX:HeapBaseMinAddress
#     to set the Java Heap base and to place the Java Heap above 4GB virtual address.
# This output file may be truncated or incomplete.
#
#  Out of Memory Error (arena.cpp:184), pid=18912, tid=17096
#
# JRE version: OpenJDK Runtime Environment (19.0.2+7) (build 19.0.2+7-44)
# Java VM: OpenJDK 64-Bit Server VM (19.0.2+7-44, mixed mode, sharing, tiered, compressed oops, compressed class ptrs, g1 gc, windows-amd64)
# No core dump will be written. Minidumps are not enabled by default on client versions of Windows
#

---------------  S U M M A R Y ------------

Command Line: -Dfile.encoding=windows-1252 -Duser.country=GB -Duser.language=en -Duser.variant dev.hacker.avesome.AvesomeApplication

Host: AMD Ryzen 3 4300U with Radeon Graphics         , 4 cores, 7G,  Windows 11 , 64 bit Build 22621 (10.0.22621.1344)
Time: Sat Apr  1 10:23:13 2023 GTB Summer Time elapsed time: 1.580842 seconds (0d 0h 0m 1s)

---------------  T H R E A D  ---------------

Current thread (0x000001f006165b40):  JavaThread "C2 CompilerThread0" daemon [_thread_in_native, id=17096, stack(0x000000b674c00000,0x000000b674d00000)]


Current CompileTask:
C2:   1580 1531       4       java.util.jar.JarFile::getVersionedEntry (133 bytes)

Stack: [0x000000b674c00000,0x000000b674d00000]
Native frames: (J=compiled Java code, j=interpreted, Vv=VM code, C=native code)
V  [jvm.dll+0x6ee21a]
V  [jvm.dll+0x85765e]
V  [jvm.dll+0x85904e]
V  [jvm.dll+0x859703]
V  [jvm.dll+0x28298f]
V  [jvm.dll+0xc9adf]
V  [jvm.dll+0xc9e65]
V  [jvm.dll+0x2f7caf]
V  [jvm.dll+0x5f076b]
V  [jvm.dll+0x255483]
V  [jvm.dll+0x24da11]
V  [jvm.dll+0x24b673]
V  [jvm.dll+0x1d6ce1]
V  [jvm.dll+0x25b25a]
V  [jvm.dll+0x2596e8]
V  [jvm.dll+0x807588]
V  [jvm.dll+0x80125a]
V  [jvm.dll+0x6ecf0b]
C  [ucrtbase.dll+0x29363]
C  [KERNEL32.DLL+0x126bd]
C  [ntdll.dll+0x5a9f8]


---------------  P R O C E S S  ---------------

Threads class SMR info:
_java_thread_list=0x000001f00b1723d0, length=13, elements={
0x000001f068669bf0, 0x000001f0061546a0, 0x000001f006155170, 0x000001f006158ef0,
0x000001f006159820, 0x000001f00615eab0, 0x000001f00615f580, 0x000001f006165b40,
0x000001f006167530, 0x000001f00618d8f0, 0x000001f00a4e3270, 0x000001f00a4e2280,
0x000001f00a4e37c0
}

Java Threads: ( => current thread )
  0x000001f068669bf0 JavaThread "main" [_thread_in_native, id=22056, stack(0x000000b673f00000,0x000000b674000000)]
  0x000001f0061546a0 JavaThread "Reference Handler" daemon [_thread_blocked, id=17520, stack(0x000000b674600000,0x000000b674700000)]
  0x000001f006155170 JavaThread "Finalizer" daemon [_thread_blocked, id=9560, stack(0x000000b674700000,0x000000b674800000)]
  0x000001f006158ef0 JavaThread "Signal Dispatcher" daemon [_thread_blocked, id=21392, stack(0x000000b674800000,0x000000b674900000)]
  0x000001f006159820 JavaThread "Attach Listener" daemon [_thread_blocked, id=14252, stack(0x000000b674900000,0x000000b674a00000)]
  0x000001f00615eab0 JavaThread "Service Thread" daemon [_thread_blocked, id=24472, stack(0x000000b674a00000,0x000000b674b00000)]
  0x000001f00615f580 JavaThread "Monitor Deflation Thread" daemon [_thread_blocked, id=13044, stack(0x000000b674b00000,0x000000b674c00000)]
=>0x000001f006165b40 JavaThread "C2 CompilerThread0" daemon [_thread_in_native, id=17096, stack(0x000000b674c00000,0x000000b674d00000)]
  0x000001f006167530 JavaThread "C1 CompilerThread0" daemon [_thread_in_vm, id=8344, stack(0x000000b674d00000,0x000000b674e00000)]
  0x000001f00618d8f0 JavaThread "Sweeper thread" daemon [_thread_blocked, id=24100, stack(0x000000b674e00000,0x000000b674f00000)]
  0x000001f00a4e3270 JavaThread "Notification Thread" daemon [_thread_blocked, id=12988, stack(0x000000b674f00000,0x000000b675000000)]
  0x000001f00a4e2280 JavaThread "Common-Cleaner" daemon [_thread_blocked, id=5496, stack(0x000000b675100000,0x000000b675200000)]
  0x000001f00a4e37c0 JavaThread "background-preinit" [_thread_in_Java, id=6328, stack(0x000000b675500000,0x000000b675600000)]

Other Threads:
  0x000001f00613d8e0 VMThread "VM Thread" [stack: 0x000000b674500000,0x000000b674600000] [id=11708]
  0x000001f00a4e5090 WatcherThread "VM Periodic Task Thread" [stack: 0x000000b675000000,0x000000b675100000] [id=11636]
  0x000001f0686c6fb0 WorkerThread "GC Thread#0" [stack: 0x000000b674000000,0x000000b674100000] [id=3340]
  0x000001f00af85050 WorkerThread "GC Thread#1" [stack: 0x000000b675200000,0x000000b675300000] [id=17384]
  0x000001f00abe03b0 WorkerThread "GC Thread#2" [stack: 0x000000b675300000,0x000000b675400000] [id=21124]
  0x000001f00af8e420 WorkerThread "GC Thread#3" [stack: 0x000000b675400000,0x000000b675500000] [id=5652]
  0x000001f0686d6b10 ConcurrentGCThread "G1 Main Marker" [stack: 0x000000b674100000,0x000000b674200000] [id=6292]
  0x000001f0686da760 WorkerThread "G1 Conc#0" [stack: 0x000000b674200000,0x000000b674300000] [id=18168]
  0x000001f06871e4d0 ConcurrentGCThread "G1 Refine#0" [stack: 0x000000b674300000,0x000000b674400000] [id=17388]
  0x000001f005ffc110 ConcurrentGCThread "G1 Service" [stack: 0x000000b674400000,0x000000b674500000] [id=17400]

Threads with active compile tasks:
C2 CompilerThread0     1597 1531       4       java.util.jar.JarFile::getVersionedEntry (133 bytes)
C1 CompilerThread0     1597 1579       3       sun.util.locale.StringTokenIterator::nextDelimiter (116 bytes)

VM state: not at safepoint (normal execution)

VM Mutex/Monitor currently owned by a thread: None

Heap address: 0x000000008a000000, size: 1888 MB, Compressed Oops mode: 32-bit

CDS archive(s) mapped at: [0x0000000800000000-0x0000000800c40000-0x0000000800c40000), size 12845056, SharedBaseAddress: 0x0000000800000000, ArchiveRelocationMode: 0.
Compressed class space mapped at: 0x0000000801000000-0x0000000841000000, reserved size: 1073741824
Narrow klass base: 0x0000000800000000, Narrow klass shift: 0, Narrow klass range: 0x100000000

GC Precious Log:
 CardTable entry size: 512
 Card Set container configuration: InlinePtr #cards 5 size 8 Array Of Cards #cards 12 size 40 Howl #buckets 4 coarsen threshold 1843 Howl Bitmap #cards 512 size 80 coarsen threshold 460 Card regions per heap region 1 cards per card region 2048
 CPUs: 4 total, 4 available
 Memory: 7549M
 Large Page Support: Disabled
 NUMA Support: Disabled
 Compressed Oops: Enabled (32-bit)
 Heap Region Size: 1M
 Heap Min Capacity: 8M
 Heap Initial Capacity: 118M
 Heap Max Capacity: 1888M
 Pre-touch: Disabled
 Parallel Workers: 4
 Concurrent Workers: 1
 Concurrent Refinement Workers: 4
 Periodic GC: Disabled

Heap:
 garbage-first heap   total 120832K, used 18149K [0x000000008a000000, 0x0000000100000000)
  region size 1024K, 15 young (15360K), 2 survivors (2048K)
 Metaspace       used 10715K, committed 10944K, reserved 1114112K
  class space    used 1246K, committed 1344K, reserved 1048576K

Heap Regions: E=young(eden), S=young(survivor), O=old, HS=humongous(starts), HC=humongous(continues), CS=collection set, F=free, OA=open archive, CA=closed archive, TAMS=top-at-mark-start (previous, next)
|   0|0x000000008a000000, 0x000000008a100000, 0x000000008a100000|100%|HS|  |TAMS 0x000000008a000000, 0x000000008a000000| Complete 
|   1|0x000000008a100000, 0x000000008a200000, 0x000000008a200000|100%| O|  |TAMS 0x000000008a100000, 0x000000008a100000| Untracked 
|   2|0x000000008a200000, 0x000000008a300000, 0x000000008a300000|100%| O|  |TAMS 0x000000008a200000, 0x000000008a200000| Untracked 
|   3|0x000000008a300000, 0x000000008a400000, 0x000000008a400000|100%| O|  |TAMS 0x000000008a300000, 0x000000008a300000| Untracked 
|   4|0x000000008a400000, 0x000000008a500000, 0x000000008a500000|100%| O|  |TAMS 0x000000008a400000, 0x000000008a400000| Untracked 
|   5|0x000000008a500000, 0x000000008a57da00, 0x000000008a600000| 49%| O|  |TAMS 0x000000008a500000, 0x000000008a500000| Untracked 
|   6|0x000000008a600000, 0x000000008a600000, 0x000000008a700000|  0%| F|  |TAMS 0x000000008a600000, 0x000000008a600000| Untracked 
|   7|0x000000008a700000, 0x000000008a700000, 0x000000008a800000|  0%| F|  |TAMS 0x000000008a700000, 0x000000008a700000| Untracked 
|   8|0x000000008a800000, 0x000000008a800000, 0x000000008a900000|  0%| F|  |TAMS 0x000000008a800000, 0x000000008a800000| Untracked 
|   9|0x000000008a900000, 0x000000008a900000, 0x000000008aa00000|  0%| F|  |TAMS 0x000000008a900000, 0x000000008a900000| Untracked 
|  10|0x000000008aa00000, 0x000000008aa00000, 0x000000008ab00000|  0%| F|  |TAMS 0x000000008aa00000, 0x000000008aa00000| Untracked 
|  11|0x000000008ab00000, 0x000000008ab00000, 0x000000008ac00000|  0%| F|  |TAMS 0x000000008ab00000, 0x000000008ab00000| Untracked 
|  12|0x000000008ac00000, 0x000000008ac00000, 0x000000008ad00000|  0%| F|  |TAMS 0x000000008ac00000, 0x000000008ac00000| Untracked 
|  13|0x000000008ad00000, 0x000000008ad00000, 0x000000008ae00000|  0%| F|  |TAMS 0x000000008ad00000, 0x000000008ad00000| Untracked 
|  14|0x000000008ae00000, 0x000000008ae00000, 0x000000008af00000|  0%| F|  |TAMS 0x000000008ae00000, 0x000000008ae00000| Untracked 
|  15|0x000000008af00000, 0x000000008af00000, 0x000000008b000000|  0%| F|  |TAMS 0x000000008af00000, 0x000000008af00000| Untracked 
|  16|0x000000008b000000, 0x000000008b000000, 0x000000008b100000|  0%| F|  |TAMS 0x000000008b000000, 0x000000008b000000| Untracked 
|  17|0x000000008b100000, 0x000000008b100000, 0x000000008b200000|  0%| F|  |TAMS 0x000000008b100000, 0x000000008b100000| Untracked 
|  18|0x000000008b200000, 0x000000008b200000, 0x000000008b300000|  0%| F|  |TAMS 0x000000008b200000, 0x000000008b200000| Untracked 
|  19|0x000000008b300000, 0x000000008b300000, 0x000000008b400000|  0%| F|  |TAMS 0x000000008b300000, 0x000000008b300000| Untracked 
|  20|0x000000008b400000, 0x000000008b400000, 0x000000008b500000|  0%| F|  |TAMS 0x000000008b400000, 0x000000008b400000| Untracked 
|  21|0x000000008b500000, 0x000000008b500000, 0x000000008b600000|  0%| F|  |TAMS 0x000000008b500000, 0x000000008b500000| Untracked 
|  22|0x000000008b600000, 0x000000008b600000, 0x000000008b700000|  0%| F|  |TAMS 0x000000008b600000, 0x000000008b600000| Untracked 
|  23|0x000000008b700000, 0x000000008b700000, 0x000000008b800000|  0%| F|  |TAMS 0x000000008b700000, 0x000000008b700000| Untracked 
|  24|0x000000008b800000, 0x000000008b800000, 0x000000008b900000|  0%| F|  |TAMS 0x000000008b800000, 0x000000008b800000| Untracked 
|  25|0x000000008b900000, 0x000000008b900000, 0x000000008ba00000|  0%| F|  |TAMS 0x000000008b900000, 0x000000008b900000| Untracked 
|  26|0x000000008ba00000, 0x000000008ba00000, 0x000000008bb00000|  0%| F|  |TAMS 0x000000008ba00000, 0x000000008ba00000| Untracked 
|  27|0x000000008bb00000, 0x000000008bb00000, 0x000000008bc00000|  0%| F|  |TAMS 0x000000008bb00000, 0x000000008bb00000| Untracked 
|  28|0x000000008bc00000, 0x000000008bc00000, 0x000000008bd00000|  0%| F|  |TAMS 0x000000008bc00000, 0x000000008bc00000| Untracked 
|  29|0x000000008bd00000, 0x000000008bd00000, 0x000000008be00000|  0%| F|  |TAMS 0x000000008bd00000, 0x000000008bd00000| Untracked 
|  30|0x000000008be00000, 0x000000008be00000, 0x000000008bf00000|  0%| F|  |TAMS 0x000000008be00000, 0x000000008be00000| Untracked 
|  31|0x000000008bf00000, 0x000000008bf00000, 0x000000008c000000|  0%| F|  |TAMS 0x000000008bf00000, 0x000000008bf00000| Untracked 
|  32|0x000000008c000000, 0x000000008c000000, 0x000000008c100000|  0%| F|  |TAMS 0x000000008c000000, 0x000000008c000000| Untracked 
|  33|0x000000008c100000, 0x000000008c100000, 0x000000008c200000|  0%| F|  |TAMS 0x000000008c100000, 0x000000008c100000| Untracked 
|  34|0x000000008c200000, 0x000000008c200000, 0x000000008c300000|  0%| F|  |TAMS 0x000000008c200000, 0x000000008c200000| Untracked 
|  35|0x000000008c300000, 0x000000008c300000, 0x000000008c400000|  0%| F|  |TAMS 0x000000008c300000, 0x000000008c300000| Untracked 
|  36|0x000000008c400000, 0x000000008c400000, 0x000000008c500000|  0%| F|  |TAMS 0x000000008c400000, 0x000000008c400000| Untracked 
|  37|0x000000008c500000, 0x000000008c500000, 0x000000008c600000|  0%| F|  |TAMS 0x000000008c500000, 0x000000008c500000| Untracked 
|  38|0x000000008c600000, 0x000000008c600000, 0x000000008c700000|  0%| F|  |TAMS 0x000000008c600000, 0x000000008c600000| Untracked 
|  39|0x000000008c700000, 0x000000008c700000, 0x000000008c800000|  0%| F|  |TAMS 0x000000008c700000, 0x000000008c700000| Untracked 
|  40|0x000000008c800000, 0x000000008c800000, 0x000000008c900000|  0%| F|  |TAMS 0x000000008c800000, 0x000000008c800000| Untracked 
|  41|0x000000008c900000, 0x000000008c900000, 0x000000008ca00000|  0%| F|  |TAMS 0x000000008c900000, 0x000000008c900000| Untracked 
|  42|0x000000008ca00000, 0x000000008ca00000, 0x000000008cb00000|  0%| F|  |TAMS 0x000000008ca00000, 0x000000008ca00000| Untracked 
|  43|0x000000008cb00000, 0x000000008cb00000, 0x000000008cc00000|  0%| F|  |TAMS 0x000000008cb00000, 0x000000008cb00000| Untracked 
|  44|0x000000008cc00000, 0x000000008cc00000, 0x000000008cd00000|  0%| F|  |TAMS 0x000000008cc00000, 0x000000008cc00000| Untracked 
|  45|0x000000008cd00000, 0x000000008cd00000, 0x000000008ce00000|  0%| F|  |TAMS 0x000000008cd00000, 0x000000008cd00000| Untracked 
|  46|0x000000008ce00000, 0x000000008ce00000, 0x000000008cf00000|  0%| F|  |TAMS 0x000000008ce00000, 0x000000008ce00000| Untracked 
|  47|0x000000008cf00000, 0x000000008cf00000, 0x000000008d000000|  0%| F|  |TAMS 0x000000008cf00000, 0x000000008cf00000| Untracked 
|  48|0x000000008d000000, 0x000000008d000000, 0x000000008d100000|  0%| F|  |TAMS 0x000000008d000000, 0x000000008d000000| Untracked 
|  49|0x000000008d100000, 0x000000008d100000, 0x000000008d200000|  0%| F|  |TAMS 0x000000008d100000, 0x000000008d100000| Untracked 
|  50|0x000000008d200000, 0x000000008d200000, 0x000000008d300000|  0%| F|  |TAMS 0x000000008d200000, 0x000000008d200000| Untracked 
|  51|0x000000008d300000, 0x000000008d300000, 0x000000008d400000|  0%| F|  |TAMS 0x000000008d300000, 0x000000008d300000| Untracked 
|  52|0x000000008d400000, 0x000000008d400000, 0x000000008d500000|  0%| F|  |TAMS 0x000000008d400000, 0x000000008d400000| Untracked 
|  53|0x000000008d500000, 0x000000008d500000, 0x000000008d600000|  0%| F|  |TAMS 0x000000008d500000, 0x000000008d500000| Untracked 
|  54|0x000000008d600000, 0x000000008d600000, 0x000000008d700000|  0%| F|  |TAMS 0x000000008d600000, 0x000000008d600000| Untracked 
|  55|0x000000008d700000, 0x000000008d700000, 0x000000008d800000|  0%| F|  |TAMS 0x000000008d700000, 0x000000008d700000| Untracked 
|  56|0x000000008d800000, 0x000000008d800000, 0x000000008d900000|  0%| F|  |TAMS 0x000000008d800000, 0x000000008d800000| Untracked 
|  57|0x000000008d900000, 0x000000008d900000, 0x000000008da00000|  0%| F|  |TAMS 0x000000008d900000, 0x000000008d900000| Untracked 
|  58|0x000000008da00000, 0x000000008da00000, 0x000000008db00000|  0%| F|  |TAMS 0x000000008da00000, 0x000000008da00000| Untracked 
|  59|0x000000008db00000, 0x000000008db00000, 0x000000008dc00000|  0%| F|  |TAMS 0x000000008db00000, 0x000000008db00000| Untracked 
|  60|0x000000008dc00000, 0x000000008dc00000, 0x000000008dd00000|  0%| F|  |TAMS 0x000000008dc00000, 0x000000008dc00000| Untracked 
|  61|0x000000008dd00000, 0x000000008dd00000, 0x000000008de00000|  0%| F|  |TAMS 0x000000008dd00000, 0x000000008dd00000| Untracked 
|  62|0x000000008de00000, 0x000000008de00000, 0x000000008df00000|  0%| F|  |TAMS 0x000000008de00000, 0x000000008de00000| Untracked 
|  63|0x000000008df00000, 0x000000008df00000, 0x000000008e000000|  0%| F|  |TAMS 0x000000008df00000, 0x000000008df00000| Untracked 
|  64|0x000000008e000000, 0x000000008e000000, 0x000000008e100000|  0%| F|  |TAMS 0x000000008e000000, 0x000000008e000000| Untracked 
|  65|0x000000008e100000, 0x000000008e100000, 0x000000008e200000|  0%| F|  |TAMS 0x000000008e100000, 0x000000008e100000| Untracked 
|  66|0x000000008e200000, 0x000000008e200000, 0x000000008e300000|  0%| F|  |TAMS 0x000000008e200000, 0x000000008e200000| Untracked 
|  67|0x000000008e300000, 0x000000008e300000, 0x000000008e400000|  0%| F|  |TAMS 0x000000008e300000, 0x000000008e300000| Untracked 
|  68|0x000000008e400000, 0x000000008e400000, 0x000000008e500000|  0%| F|  |TAMS 0x000000008e400000, 0x000000008e400000| Untracked 
|  69|0x000000008e500000, 0x000000008e500000, 0x000000008e600000|  0%| F|  |TAMS 0x000000008e500000, 0x000000008e500000| Untracked 
|  70|0x000000008e600000, 0x000000008e600000, 0x000000008e700000|  0%| F|  |TAMS 0x000000008e600000, 0x000000008e600000| Untracked 
|  71|0x000000008e700000, 0x000000008e700000, 0x000000008e800000|  0%| F|  |TAMS 0x000000008e700000, 0x000000008e700000| Untracked 
|  72|0x000000008e800000, 0x000000008e800000, 0x000000008e900000|  0%| F|  |TAMS 0x000000008e800000, 0x000000008e800000| Untracked 
|  73|0x000000008e900000, 0x000000008e900000, 0x000000008ea00000|  0%| F|  |TAMS 0x000000008e900000, 0x000000008e900000| Untracked 
|  74|0x000000008ea00000, 0x000000008ea00000, 0x000000008eb00000|  0%| F|  |TAMS 0x000000008ea00000, 0x000000008ea00000| Untracked 
|  75|0x000000008eb00000, 0x000000008eb00000, 0x000000008ec00000|  0%| F|  |TAMS 0x000000008eb00000, 0x000000008eb00000| Untracked 
|  76|0x000000008ec00000, 0x000000008ec00000, 0x000000008ed00000|  0%| F|  |TAMS 0x000000008ec00000, 0x000000008ec00000| Untracked 
|  77|0x000000008ed00000, 0x000000008ed00000, 0x000000008ee00000|  0%| F|  |TAMS 0x000000008ed00000, 0x000000008ed00000| Untracked 
|  78|0x000000008ee00000, 0x000000008ee00000, 0x000000008ef00000|  0%| F|  |TAMS 0x000000008ee00000, 0x000000008ee00000| Untracked 
|  79|0x000000008ef00000, 0x000000008ef00000, 0x000000008f000000|  0%| F|  |TAMS 0x000000008ef00000, 0x000000008ef00000| Untracked 
|  80|0x000000008f000000, 0x000000008f000000, 0x000000008f100000|  0%| F|  |TAMS 0x000000008f000000, 0x000000008f000000| Untracked 
|  81|0x000000008f100000, 0x000000008f100000, 0x000000008f200000|  0%| F|  |TAMS 0x000000008f100000, 0x000000008f100000| Untracked 
|  82|0x000000008f200000, 0x000000008f200000, 0x000000008f300000|  0%| F|  |TAMS 0x000000008f200000, 0x000000008f200000| Untracked 
|  83|0x000000008f300000, 0x000000008f300000, 0x000000008f400000|  0%| F|  |TAMS 0x000000008f300000, 0x000000008f300000| Untracked 
|  84|0x000000008f400000, 0x000000008f400000, 0x000000008f500000|  0%| F|  |TAMS 0x000000008f400000, 0x000000008f400000| Untracked 
|  85|0x000000008f500000, 0x000000008f500000, 0x000000008f600000|  0%| F|  |TAMS 0x000000008f500000, 0x000000008f500000| Untracked 
|  86|0x000000008f600000, 0x000000008f600000, 0x000000008f700000|  0%| F|  |TAMS 0x000000008f600000, 0x000000008f600000| Untracked 
|  87|0x000000008f700000, 0x000000008f700000, 0x000000008f800000|  0%| F|  |TAMS 0x000000008f700000, 0x000000008f700000| Untracked 
|  88|0x000000008f800000, 0x000000008f800000, 0x000000008f900000|  0%| F|  |TAMS 0x000000008f800000, 0x000000008f800000| Untracked 
|  89|0x000000008f900000, 0x000000008f900000, 0x000000008fa00000|  0%| F|  |TAMS 0x000000008f900000, 0x000000008f900000| Untracked 
|  90|0x000000008fa00000, 0x000000008fa00000, 0x000000008fb00000|  0%| F|  |TAMS 0x000000008fa00000, 0x000000008fa00000| Untracked 
|  91|0x000000008fb00000, 0x000000008fb00000, 0x000000008fc00000|  0%| F|  |TAMS 0x000000008fb00000, 0x000000008fb00000| Untracked 
|  92|0x000000008fc00000, 0x000000008fc00000, 0x000000008fd00000|  0%| F|  |TAMS 0x000000008fc00000, 0x000000008fc00000| Untracked 
|  93|0x000000008fd00000, 0x000000008fd00000, 0x000000008fe00000|  0%| F|  |TAMS 0x000000008fd00000, 0x000000008fd00000| Untracked 
|  94|0x000000008fe00000, 0x000000008fe00000, 0x000000008ff00000|  0%| F|  |TAMS 0x000000008fe00000, 0x000000008fe00000| Untracked 
|  95|0x000000008ff00000, 0x000000008ff00000, 0x0000000090000000|  0%| F|  |TAMS 0x000000008ff00000, 0x000000008ff00000| Untracked 
|  96|0x0000000090000000, 0x0000000090000000, 0x0000000090100000|  0%| F|  |TAMS 0x0000000090000000, 0x0000000090000000| Untracked 
|  97|0x0000000090100000, 0x0000000090100000, 0x0000000090200000|  0%| F|  |TAMS 0x0000000090100000, 0x0000000090100000| Untracked 
|  98|0x0000000090200000, 0x0000000090200000, 0x0000000090300000|  0%| F|  |TAMS 0x0000000090200000, 0x0000000090200000| Untracked 
|  99|0x0000000090300000, 0x0000000090300000, 0x0000000090400000|  0%| F|  |TAMS 0x0000000090300000, 0x0000000090300000| Untracked 
| 100|0x0000000090400000, 0x0000000090400000, 0x0000000090500000|  0%| F|  |TAMS 0x0000000090400000, 0x0000000090400000| Untracked 
| 101|0x0000000090500000, 0x000000009053ba50, 0x0000000090600000| 23%| S|CS|TAMS 0x0000000090500000, 0x0000000090500000| Complete 
| 102|0x0000000090600000, 0x0000000090700000, 0x0000000090700000|100%| S|CS|TAMS 0x0000000090600000, 0x0000000090600000| Complete 
| 103|0x0000000090700000, 0x0000000090700000, 0x0000000090800000|  0%| F|  |TAMS 0x0000000090700000, 0x0000000090700000| Untracked 
| 104|0x0000000090800000, 0x0000000090800000, 0x0000000090900000|  0%| F|  |TAMS 0x0000000090800000, 0x0000000090800000| Untracked 
| 105|0x0000000090900000, 0x0000000090973b28, 0x0000000090a00000| 45%| E|  |TAMS 0x0000000090900000, 0x0000000090900000| Complete 
| 106|0x0000000090a00000, 0x0000000090b00000, 0x0000000090b00000|100%| E|CS|TAMS 0x0000000090a00000, 0x0000000090a00000| Complete 
| 107|0x0000000090b00000, 0x0000000090c00000, 0x0000000090c00000|100%| E|CS|TAMS 0x0000000090b00000, 0x0000000090b00000| Complete 
| 108|0x0000000090c00000, 0x0000000090d00000, 0x0000000090d00000|100%| E|CS|TAMS 0x0000000090c00000, 0x0000000090c00000| Complete 
| 109|0x0000000090d00000, 0x0000000090e00000, 0x0000000090e00000|100%| E|CS|TAMS 0x0000000090d00000, 0x0000000090d00000| Complete 
| 110|0x0000000090e00000, 0x0000000090f00000, 0x0000000090f00000|100%| E|CS|TAMS 0x0000000090e00000, 0x0000000090e00000| Complete 
| 111|0x0000000090f00000, 0x0000000091000000, 0x0000000091000000|100%| E|CS|TAMS 0x0000000090f00000, 0x0000000090f00000| Complete 
| 112|0x0000000091000000, 0x0000000091100000, 0x0000000091100000|100%| E|  |TAMS 0x0000000091000000, 0x0000000091000000| Complete 
| 113|0x0000000091100000, 0x0000000091200000, 0x0000000091200000|100%| E|CS|TAMS 0x0000000091100000, 0x0000000091100000| Complete 
| 114|0x0000000091200000, 0x0000000091300000, 0x0000000091300000|100%| E|CS|TAMS 0x0000000091200000, 0x0000000091200000| Complete 
| 115|0x0000000091300000, 0x0000000091400000, 0x0000000091400000|100%| E|CS|TAMS 0x0000000091300000, 0x0000000091300000| Complete 
| 116|0x0000000091400000, 0x0000000091500000, 0x0000000091500000|100%| E|CS|TAMS 0x0000000091400000, 0x0000000091400000| Complete 
| 117|0x0000000091500000, 0x0000000091600000, 0x0000000091600000|100%| E|CS|TAMS 0x0000000091500000, 0x0000000091500000| Complete 

Card table byte_map: [0x000001f07f960000,0x000001f07fd10000] _byte_map_base: 0x000001f07f510000

Marking Bits (Prev, Next): (CMBitMap*) 0x000001f0686c75e0, (CMBitMap*) 0x000001f0686c7620
 Prev Bits: [0x000001f0003b0000, 0x000001f002130000)
 Next Bits: [0x000001f002130000, 0x000001f003eb0000)

Polling page: 0x000001f067e20000

Metaspace:

Usage:
  Non-class:      9.25 MB used.
      Class:      1.22 MB used.
       Both:     10.47 MB used.

Virtual space:
  Non-class space:       64.00 MB reserved,       9.38 MB ( 15%) committed,  1 nodes.
      Class space:        1.00 GB reserved,       1.31 MB ( <1%) committed,  1 nodes.
             Both:        1.06 GB reserved,      10.69 MB ( <1%) committed. 

Chunk freelists:
   Non-Class:  1.92 MB
       Class:  2.67 MB
        Both:  4.59 MB

MaxMetaspaceSize: unlimited
CompressedClassSpaceSize: 1.00 GB
Initial GC threshold: 21.00 MB
Current GC threshold: 21.00 MB
CDS: on
MetaspaceReclaimPolicy: balanced
 - commit_granule_bytes: 65536.
 - commit_granule_words: 8192.
 - virtual_space_node_default_size: 8388608.
 - enlarge_chunks_in_place: 1.
 - new_chunks_are_fully_committed: 0.
 - uncommit_free_chunks: 1.
 - use_allocation_guard: 0.


Internal statistics:

num_allocs_failed_limit: 0.
num_arena_births: 192.
num_arena_deaths: 0.
num_vsnodes_births: 2.
num_vsnodes_deaths: 0.
num_space_committed: 171.
num_space_uncommitted: 0.
num_chunks_returned_to_freelist: 0.
num_chunks_taken_from_freelist: 541.
num_chunk_merges: 0.
num_chunk_splits: 341.
num_chunks_enlarged: 264.
num_inconsistent_stats: 0.

CodeHeap 'non-profiled nmethods': size=120000Kb used=547Kb max_used=547Kb free=119452Kb
 bounds [0x000001f078080000, 0x000001f0782f0000, 0x000001f07f5b0000]
CodeHeap 'profiled nmethods': size=120000Kb used=2752Kb max_used=2752Kb free=117247Kb
 bounds [0x000001f0705b0000, 0x000001f070870000, 0x000001f077ae0000]
CodeHeap 'non-nmethods': size=5760Kb used=1262Kb max_used=1279Kb free=4497Kb
 bounds [0x000001f077ae0000, 0x000001f077d50000, 0x000001f078080000]
 total_blobs=2051 nmethods=1578 adapters=383
 compilation: enabled
              stopped_count=0, restarted_count=0
 full_count=0

Compilation events (20 events):
Event: 1.572 Thread 0x000001f006167530 1528       3       java.util.regex.Pattern::isSupplementary (21 bytes)
Event: 1.572 Thread 0x000001f006167530 nmethod 1528 0x000001f07084aa90 code [0x000001f07084ac40, 0x000001f07084aeb8]
Event: 1.572 Thread 0x000001f006167530 1529       3       java.lang.Character::isSurrogate (18 bytes)
Event: 1.572 Thread 0x000001f006167530 nmethod 1529 0x000001f07084af90 code [0x000001f07084b120, 0x000001f07084b298]
Event: 1.574 Thread 0x000001f006165b40 1530       4       java.lang.ClassLoader::checkName (37 bytes)
Event: 1.575 Thread 0x000001f006167530 1532       3       sun.util.locale.LocaleUtils::isUpper (18 bytes)
Event: 1.575 Thread 0x000001f006167530 nmethod 1532 0x000001f07084b310 code [0x000001f07084b4a0, 0x000001f07084b618]
Event: 1.576 Thread 0x000001f006165b40 nmethod 1530 0x000001f078103c10 code [0x000001f078103da0, 0x000001f078103f58]
Event: 1.576 Thread 0x000001f006165b40 1531       4       java.util.jar.JarFile::getVersionedEntry (133 bytes)
Event: 1.577 Thread 0x000001f006167530 1534       3       java.lang.invoke.MethodHandleNatives::linkCallSite (65 bytes)
Event: 1.577 Thread 0x000001f006167530 nmethod 1534 0x000001f07084b690 code [0x000001f07084b880, 0x000001f07084bdc8]
Event: 1.577 Thread 0x000001f006167530 1535       3       java.lang.invoke.MethodHandleNatives::linkCallSiteImpl (44 bytes)
Event: 1.577 Thread 0x000001f006167530 nmethod 1535 0x000001f07084bf90 code [0x000001f07084c1c0, 0x000001f07084caf8]
Event: 1.578 Thread 0x000001f006167530 1536       3       java.lang.invoke.ConstantCallSite::<init> (17 bytes)
Event: 1.578 Thread 0x000001f006167530 nmethod 1536 0x000001f07084ce90 code [0x000001f07084d080, 0x000001f07084d608]
Event: 1.578 Thread 0x000001f006167530 1537       3       java.lang.invoke.CallSite::<init> (23 bytes)
Event: 1.578 Thread 0x000001f006167530 nmethod 1537 0x000001f07084d810 code [0x000001f07084da00, 0x000001f07084df08]
Event: 1.578 Thread 0x000001f006167530 1538       3       java.lang.invoke.MethodHandleNatives$CallSiteContext::make (19 bytes)
Event: 1.578 Thread 0x000001f006167530 nmethod 1538 0x000001f07084e110 code [0x000001f07084e2e0, 0x000001f07084e588]
Event: 1.579 Thread 0x000001f006167530 1539   !   3       java.lang.invoke.MemberName::getFieldType (176 bytes)

GC Heap History (4 events):
Event: 0.774 GC heap before
{Heap before GC invocations=0 (full 0):
 garbage-first heap   total 120832K, used 14336K [0x000000008a000000, 0x0000000100000000)
  region size 1024K, 13 young (13312K), 0 survivors (0K)
 Metaspace       used 3795K, committed 3904K, reserved 1114112K
  class space    used 404K, committed 448K, reserved 1048576K
}
Event: 0.780 GC heap after
{Heap after GC invocations=1 (full 0):
 garbage-first heap   total 120832K, used 5590K [0x000000008a000000, 0x0000000100000000)
  region size 1024K, 2 young (2048K), 2 survivors (2048K)
 Metaspace       used 3795K, committed 3904K, reserved 1114112K
  class space    used 404K, committed 448K, reserved 1048576K
}
Event: 1.312 GC heap before
{Heap before GC invocations=1 (full 0):
 garbage-first heap   total 120832K, used 18902K [0x000000008a000000, 0x0000000100000000)
  region size 1024K, 15 young (15360K), 2 survivors (2048K)
 Metaspace       used 7291K, committed 7488K, reserved 1114112K
  class space    used 855K, committed 960K, reserved 1048576K
}
Event: 1.319 GC heap after
{Heap after GC invocations=2 (full 0):
 garbage-first heap   total 120832K, used 6885K [0x000000008a000000, 0x0000000100000000)
  region size 1024K, 2 young (2048K), 2 survivors (2048K)
 Metaspace       used 7291K, committed 7488K, reserved 1114112K
  class space    used 855K, committed 960K, reserved 1048576K
}

Dll operation events (7 events):
Event: 0.010 Loaded shared library C:\Users\Natashka\.jdks\openjdk-19.0.2\bin\java.dll
Event: 0.020 Loaded shared library C:\Users\Natashka\.jdks\openjdk-19.0.2\bin\jsvml.dll
Event: 0.113 Loaded shared library C:\Users\Natashka\.jdks\openjdk-19.0.2\bin\net.dll
Event: 0.115 Loaded shared library C:\Users\Natashka\.jdks\openjdk-19.0.2\bin\nio.dll
Event: 0.120 Loaded shared library C:\Users\Natashka\.jdks\openjdk-19.0.2\bin\zip.dll
Event: 0.336 Loaded shared library C:\Users\Natashka\.jdks\openjdk-19.0.2\bin\jimage.dll
Event: 1.535 Loaded shared library C:\Users\Natashka\.jdks\openjdk-19.0.2\bin\verify.dll

Deoptimization events (20 events):
Event: 1.208 Thread 0x000001f068669bf0 Uncommon trap: trap_request=0xffffff45 fr.pc=0x000001f0780c25cc relative=0x000000000000022c
Event: 1.208 Thread 0x000001f068669bf0 Uncommon trap: reason=unstable_if action=reinterpret pc=0x000001f0780c25cc method=java.lang.String.startsWith(Ljava/lang/String;I)Z @ 1 c2
Event: 1.208 Thread 0x000001f068669bf0 DEOPT PACKING pc=0x000001f0780c25cc sp=0x000000b673ffea00
Event: 1.208 Thread 0x000001f068669bf0 DEOPT UNPACKING pc=0x000001f077b46da3 sp=0x000000b673ffe968 mode 2
Event: 1.424 Thread 0x000001f068669bf0 Uncommon trap: trap_request=0xffffffde fr.pc=0x000001f0780fe62c relative=0x000000000000010c
Event: 1.424 Thread 0x000001f068669bf0 Uncommon trap: reason=class_check action=maybe_recompile pc=0x000001f0780fe62c method=jdk.internal.misc.Unsafe.allocateUninitializedArray(Ljava/lang/Class;I)Ljava/lang/Object; @ 51 c2
Event: 1.424 Thread 0x000001f068669bf0 DEOPT PACKING pc=0x000001f0780fe62c sp=0x000000b673ff8030
Event: 1.424 Thread 0x000001f068669bf0 DEOPT UNPACKING pc=0x000001f077b46da3 sp=0x000000b673ff7fb8 mode 2
Event: 1.424 Thread 0x000001f068669bf0 Uncommon trap: trap_request=0xffffffde fr.pc=0x000001f0780fe62c relative=0x000000000000010c
Event: 1.424 Thread 0x000001f068669bf0 Uncommon trap: reason=class_check action=maybe_recompile pc=0x000001f0780fe62c method=jdk.internal.misc.Unsafe.allocateUninitializedArray(Ljava/lang/Class;I)Ljava/lang/Object; @ 51 c2
Event: 1.424 Thread 0x000001f068669bf0 DEOPT PACKING pc=0x000001f0780fe62c sp=0x000000b673ff8200
Event: 1.424 Thread 0x000001f068669bf0 DEOPT UNPACKING pc=0x000001f077b46da3 sp=0x000000b673ff8188 mode 2
Event: 1.425 Thread 0x000001f00a4e37c0 Uncommon trap: trap_request=0xffffffde fr.pc=0x000001f0780fe62c relative=0x000000000000010c
Event: 1.425 Thread 0x000001f00a4e37c0 Uncommon trap: reason=class_check action=maybe_recompile pc=0x000001f0780fe62c method=jdk.internal.misc.Unsafe.allocateUninitializedArray(Ljava/lang/Class;I)Ljava/lang/Object; @ 51 c2
Event: 1.425 Thread 0x000001f00a4e37c0 DEOPT PACKING pc=0x000001f0780fe62c sp=0x000000b6755fc800
Event: 1.425 Thread 0x000001f00a4e37c0 DEOPT UNPACKING pc=0x000001f077b46da3 sp=0x000000b6755fc788 mode 2
Event: 1.425 Thread 0x000001f00a4e37c0 Uncommon trap: trap_request=0xffffffde fr.pc=0x000001f0780fe62c relative=0x000000000000010c
Event: 1.425 Thread 0x000001f00a4e37c0 Uncommon trap: reason=class_check action=maybe_recompile pc=0x000001f0780fe62c method=jdk.internal.misc.Unsafe.allocateUninitializedArray(Ljava/lang/Class;I)Ljava/lang/Object; @ 51 c2
Event: 1.425 Thread 0x000001f00a4e37c0 DEOPT PACKING pc=0x000001f0780fe62c sp=0x000000b6755fc200
Event: 1.425 Thread 0x000001f00a4e37c0 DEOPT UNPACKING pc=0x000001f077b46da3 sp=0x000000b6755fc188 mode 2

Classes loaded (20 events):
Event: 1.561 Loading class java/lang/invoke/VarHandleLongs$Array
Event: 1.562 Loading class java/lang/invoke/VarHandleLongs$Array done
Event: 1.562 Loading class java/util/concurrent/atomic/AtomicReferenceArray
Event: 1.562 Loading class java/util/concurrent/atomic/AtomicReferenceArray done
Event: 1.562 Loading class java/lang/invoke/VarHandleReferences$Array
Event: 1.563 Loading class java/lang/invoke/VarHandleReferences$Array done
Event: 1.564 Loading class java/time/temporal/TemporalAdjusters
Event: 1.564 Loading class java/time/temporal/TemporalAdjusters done
Event: 1.565 Loading class java/time/zone/ZoneOffsetTransitionRule$1
Event: 1.565 Loading class java/time/zone/ZoneOffsetTransitionRule$1 done
Event: 1.566 Loading class java/time/ZonedDateTime$1
Event: 1.566 Loading class java/time/ZonedDateTime$1 done
Event: 1.574 Loading class org/xml/sax/ErrorHandler
Event: 1.574 Loading class org/xml/sax/ErrorHandler done
Event: 1.575 Loading class org/xml/sax/SAXParseException
Event: 1.575 Loading class org/xml/sax/SAXParseException done
Event: 1.577 Loading class java/lang/invoke/DirectMethodHandle$StaticAccessor
Event: 1.578 Loading class jdk/internal/module/ModulePatcher$PatchedModuleReader
Event: 1.578 Loading class java/lang/invoke/DirectMethodHandle$StaticAccessor done
Event: 1.578 Loading class jdk/internal/module/ModulePatcher$PatchedModuleReader done

Classes unloaded (0 events):
No events

Classes redefined (0 events):
No events

Internal exceptions (20 events):
Event: 1.099 Thread 0x000001f068669bf0 Exception <a 'java/lang/NoSuchMethodError'{0x0000000090d1d398}: 'java.lang.Object java.lang.invoke.DirectMethodHandle$Holder.invokeSpecial(java.lang.Object, java.lang.Object, java.lang.Object, java.lang.Object, java.lang.Object, java.lang.Object, java.lang.Object, int)'> (0x0000000090d1d398) 
thrown [s\open\src\hotspot\share\interpreter\linkResolver.cpp, line 774]
Event: 1.137 Thread 0x000001f068669bf0 Exception <a 'java/lang/NoSuchMethodError'{0x0000000090c44120}: 'int java.lang.invoke.DirectMethodHandle$Holder.invokeInterface(java.lang.Object, java.lang.Object)'> (0x0000000090c44120) 
thrown [s\open\src\hotspot\share\interpreter\linkResolver.cpp, line 774]
Event: 1.194 Thread 0x000001f068669bf0 Exception <a 'java/lang/NoSuchMethodError'{0x0000000090b6ac78}: 'java.lang.Object java.lang.invoke.DirectMethodHandle$Holder.invokeSpecial(java.lang.Object, java.lang.Object, java.lang.Object, int, java.lang.Object)'> (0x0000000090b6ac78) 
thrown [s\open\src\hotspot\share\interpreter\linkResolver.cpp, line 774]
Event: 1.195 Thread 0x000001f068669bf0 Exception <a 'java/lang/NoSuchMethodError'{0x0000000090b732e8}: 'java.lang.Object java.lang.invoke.DirectMethodHandle$Holder.newInvokeSpecial(java.lang.Object, java.lang.Object, java.lang.Object, int, java.lang.Object)'> (0x0000000090b732e8) 
thrown [s\open\src\hotspot\share\interpreter\linkResolver.cpp, line 774]
Event: 1.196 Thread 0x000001f068669bf0 Exception <a 'java/lang/NoSuchMethodError'{0x0000000090b7b010}: 'java.lang.Object java.lang.invoke.Invokers$Holder.linkToTargetMethod(java.lang.Object, java.lang.Object, int, java.lang.Object, java.lang.Object)'> (0x0000000090b7b010) 
thrown [s\open\src\hotspot\share\interpreter\linkResolver.cpp, line 774]
Event: 1.198 Thread 0x000001f068669bf0 Exception <a 'java/lang/NoSuchMethodError'{0x0000000090b89fc8}: 'java.lang.Object java.lang.invoke.DirectMethodHandle$Holder.newInvokeSpecial(java.lang.Object, int, java.lang.Object)'> (0x0000000090b89fc8) 
thrown [s\open\src\hotspot\share\interpreter\linkResolver.cpp, line 774]
Event: 1.198 Thread 0x000001f068669bf0 Exception <a 'java/lang/NoSuchMethodError'{0x0000000090b8eca0}: 'int java.lang.invoke.DirectMethodHandle$Holder.invokeSpecialIFC(java.lang.Object, java.lang.Object, java.lang.Object, java.lang.Object)'> (0x0000000090b8eca0) 
thrown [s\open\src\hotspot\share\interpreter\linkResolver.cpp, line 774]
Event: 1.222 Thread 0x000001f068669bf0 Exception <a 'java/lang/NoSuchMethodError'{0x0000000090a46440}: 'void java.lang.invoke.DirectMethodHandle$Holder.invokeInterface(java.lang.Object, java.lang.Object, java.lang.Object)'> (0x0000000090a46440) 
thrown [s\open\src\hotspot\share\interpreter\linkResolver.cpp, line 774]
Event: 1.244 Thread 0x000001f068669bf0 Exception <a 'java/lang/NoSuchMethodError'{0x0000000090ab73b8}: 'void java.lang.invoke.DirectMethodHandle$Holder.invokeStatic(java.lang.Object, java.lang.Object)'> (0x0000000090ab73b8) 
thrown [s\open\src\hotspot\share\interpreter\linkResolver.cpp, line 774]
Event: 1.245 Thread 0x000001f068669bf0 Exception <a 'java/lang/NoSuchMethodError'{0x0000000090ababc0}: 'void java.lang.invoke.DirectMethodHandle$Holder.invokeStaticInit(java.lang.Object, java.lang.Object)'> (0x0000000090ababc0) 
thrown [s\open\src\hotspot\share\interpreter\linkResolver.cpp, line 774]
Event: 1.248 Thread 0x000001f068669bf0 Exception <a 'java/lang/NoSuchMethodError'{0x0000000090ac74f8}: 'void java.lang.invoke.DirectMethodHandle$Holder.invokeStaticInit(java.lang.Object, java.lang.Object, java.lang.Object)'> (0x0000000090ac74f8) 
thrown [s\open\src\hotspot\share\interpreter\linkResolver.cpp, line 774]
Event: 1.256 Thread 0x000001f068669bf0 Exception <a 'java/lang/NoSuchMethodError'{0x0000000090904228}: 'java.lang.Object java.lang.invoke.DirectMethodHandle$Holder.invokeStatic(java.lang.Object, long, java.lang.Object)'> (0x0000000090904228) 
thrown [s\open\src\hotspot\share\interpreter\linkResolver.cpp, line 774]
Event: 1.256 Thread 0x000001f068669bf0 Exception <a 'java/lang/NoSuchMethodError'{0x0000000090907b28}: 'java.lang.Object java.lang.invoke.DirectMethodHandle$Holder.invokeStaticInit(java.lang.Object, long, java.lang.Object)'> (0x0000000090907b28) 
thrown [s\open\src\hotspot\share\interpreter\linkResolver.cpp, line 774]
Event: 1.257 Thread 0x000001f068669bf0 Exception <a 'java/lang/NoSuchMethodError'{0x000000009090db98}: 'java.lang.Object java.lang.invoke.DirectMethodHandle$Holder.newInvokeSpecial(java.lang.Object, long)'> (0x000000009090db98) 
thrown [s\open\src\hotspot\share\interpreter\linkResolver.cpp, line 774]
Event: 1.275 Thread 0x000001f068669bf0 Exception <a 'java/lang/NoSuchMethodError'{0x0000000090951bb8}: 'void java.lang.invoke.DirectMethodHandle$Holder.invokeVirtual(java.lang.Object, java.lang.Object, java.lang.Object, java.lang.Object)'> (0x0000000090951bb8) 
thrown [s\open\src\hotspot\share\interpreter\linkResolver.cpp, line 774]
Event: 1.371 Thread 0x000001f068669bf0 Exception <a 'java/lang/NoSuchMethodError'{0x00000000915e5d18}: 'void java.lang.invoke.DirectMethodHandle$Holder.invokeSpecial(java.lang.Object, java.lang.Object, java.lang.Object)'> (0x00000000915e5d18) 
thrown [s\open\src\hotspot\share\interpreter\linkResolver.cpp, line 774]
Event: 1.371 Thread 0x000001f068669bf0 Exception <a 'java/lang/NoSuchMethodError'{0x00000000915ec2c0}: 'void java.lang.invoke.DirectMethodHandle$Holder.invokeSpecial(java.lang.Object, java.lang.Object, java.lang.Object, java.lang.Object, java.lang.Object)'> (0x00000000915ec2c0) 
thrown [s\open\src\hotspot\share\interpreter\linkResolver.cpp, line 774]
Event: 1.387 Thread 0x000001f00a4e37c0 Exception <a 'java/lang/NoClassDefFoundError'{0x0000000091457e78}: jakarta/validation/Validation> (0x0000000091457e78) 
thrown [s\open\src\hotspot\share\classfile\systemDictionary.cpp, line 244]
Event: 1.392 Thread 0x000001f068669bf0 Exception <a 'java/lang/IncompatibleClassChangeError'{0x000000009141ae70}: Found class java.lang.Object, but interface was expected> (0x000000009141ae70) 
thrown [s\open\src\hotspot\share\interpreter\linkResolver.cpp, line 841]
Event: 1.565 Thread 0x000001f068669bf0 Exception <a 'java/lang/NoSuchMethodError'{0x0000000090badc80}: 'java.lang.Object java.lang.invoke.DirectMethodHandle$Holder.invokeStatic(java.lang.Object, int, java.lang.Object)'> (0x0000000090badc80) 
thrown [s\open\src\hotspot\share\interpreter\linkResolver.cpp, line 774]

VM Operations (20 events):
Event: 0.531 Executing VM operation: HandshakeAllThreads
Event: 0.531 Executing VM operation: HandshakeAllThreads done
Event: 0.696 Executing VM operation: HandshakeAllThreads
Event: 0.696 Executing VM operation: HandshakeAllThreads done
Event: 0.696 Executing VM operation: HandshakeAllThreads
Event: 0.696 Executing VM operation: HandshakeAllThreads done
Event: 0.774 Executing VM operation: G1CollectForAllocation
Event: 0.780 Executing VM operation: G1CollectForAllocation done
Event: 0.781 Executing VM operation: HandshakeAllThreads
Event: 0.781 Executing VM operation: HandshakeAllThreads done
Event: 0.890 Executing VM operation: HandshakeAllThreads
Event: 0.890 Executing VM operation: HandshakeAllThreads done
Event: 1.157 Executing VM operation: HandshakeAllThreads
Event: 1.157 Executing VM operation: HandshakeAllThreads done
Event: 1.312 Executing VM operation: G1CollectForAllocation
Event: 1.319 Executing VM operation: G1CollectForAllocation done
Event: 1.353 Executing VM operation: HandshakeAllThreads
Event: 1.353 Executing VM operation: HandshakeAllThreads done
Event: 1.366 Executing VM operation: HandshakeAllThreads
Event: 1.366 Executing VM operation: HandshakeAllThreads done

Events (13 events):
Event: 0.020 Thread 0x000001f068669bf0 Thread added: 0x000001f068669bf0
Event: 0.035 Thread 0x000001f0061546a0 Thread added: 0x000001f0061546a0
Event: 0.035 Thread 0x000001f006155170 Thread added: 0x000001f006155170
Event: 0.036 Thread 0x000001f006158ef0 Thread added: 0x000001f006158ef0
Event: 0.036 Thread 0x000001f006159820 Thread added: 0x000001f006159820
Event: 0.036 Thread 0x000001f00615eab0 Thread added: 0x000001f00615eab0
Event: 0.036 Thread 0x000001f00615f580 Thread added: 0x000001f00615f580
Event: 0.036 Thread 0x000001f006165b40 Thread added: 0x000001f006165b40
Event: 0.036 Thread 0x000001f006167530 Thread added: 0x000001f006167530
Event: 0.037 Thread 0x000001f00618d8f0 Thread added: 0x000001f00618d8f0
Event: 0.100 Thread 0x000001f00a4e3270 Thread added: 0x000001f00a4e3270
Event: 0.105 Thread 0x000001f00a4e2280 Thread added: 0x000001f00a4e2280
Event: 1.376 Thread 0x000001f00a4e37c0 Thread added: 0x000001f00a4e37c0


Dynamic libraries:
0x00007ff6e6320000 - 0x00007ff6e632e000 	C:\Users\Natashka\.jdks\openjdk-19.0.2\bin\java.exe
0x00007ffc58990000 - 0x00007ffc58ba4000 	C:\Windows\SYSTEM32\ntdll.dll
0x00007ffc579a0000 - 0x00007ffc57a63000 	C:\Windows\System32\KERNEL32.DLL
0x00007ffc55f60000 - 0x00007ffc562fc000 	C:\Windows\System32\KERNELBASE.dll
0x00007ffc55e40000 - 0x00007ffc55f51000 	C:\Windows\System32\ucrtbase.dll
0x00007ffc3ffa0000 - 0x00007ffc3ffb7000 	C:\Users\Natashka\.jdks\openjdk-19.0.2\bin\jli.dll
0x00007ffc36bb0000 - 0x00007ffc36bcb000 	C:\Users\Natashka\.jdks\openjdk-19.0.2\bin\VCRUNTIME140.dll
0x00007ffc582a0000 - 0x00007ffc5844d000 	C:\Windows\System32\USER32.dll
0x00007ffc56770000 - 0x00007ffc56796000 	C:\Windows\System32\win32u.dll
0x00007ffc580e0000 - 0x00007ffc58109000 	C:\Windows\System32\GDI32.dll
0x00007ffc56650000 - 0x00007ffc56763000 	C:\Windows\System32\gdi32full.dll
0x00007ffc40a60000 - 0x00007ffc40cee000 	C:\Windows\WinSxS\amd64_microsoft.windows.common-controls_6595b64144ccf1df_6.0.22621.608_none_a9444ca7c10bb01d\COMCTL32.dll
0x00007ffc564f0000 - 0x00007ffc5658a000 	C:\Windows\System32\msvcp_win.dll
0x00007ffc57d80000 - 0x00007ffc57e27000 	C:\Windows\System32\msvcrt.dll
0x00007ffc57620000 - 0x00007ffc57651000 	C:\Windows\System32\IMM32.DLL
0x00007ffc412c0000 - 0x00007ffc412cc000 	C:\Users\Natashka\.jdks\openjdk-19.0.2\bin\vcruntime140_1.dll
0x00007ffc31b40000 - 0x00007ffc31bce000 	C:\Users\Natashka\.jdks\openjdk-19.0.2\bin\msvcp140.dll
0x00007ffc087d0000 - 0x00007ffc09490000 	C:\Users\Natashka\.jdks\openjdk-19.0.2\bin\server\jvm.dll
0x00007ffc581f0000 - 0x00007ffc5829e000 	C:\Windows\System32\ADVAPI32.dll
0x00007ffc57b30000 - 0x00007ffc57bd4000 	C:\Windows\System32\sechost.dll
0x00007ffc56c50000 - 0x00007ffc56d65000 	C:\Windows\System32\RPCRT4.dll
0x00007ffc4f930000 - 0x00007ffc4f964000 	C:\Windows\SYSTEM32\WINMM.dll
0x00007ffc4d9c0000 - 0x00007ffc4d9ca000 	C:\Windows\SYSTEM32\VERSION.dll
0x00007ffc4ff80000 - 0x00007ffc4ff89000 	C:\Windows\SYSTEM32\WSOCK32.dll
0x00007ffc57920000 - 0x00007ffc57991000 	C:\Windows\System32\WS2_32.dll
0x00007ffc54de0000 - 0x00007ffc54df8000 	C:\Windows\SYSTEM32\kernel.appcore.dll
0x00007ffc40310000 - 0x00007ffc4031a000 	C:\Users\Natashka\.jdks\openjdk-19.0.2\bin\jimage.dll
0x00007ffc53620000 - 0x00007ffc5384e000 	C:\Windows\SYSTEM32\DBGHELP.DLL
0x00007ffc585a0000 - 0x00007ffc58929000 	C:\Windows\System32\combase.dll
0x00007ffc58110000 - 0x00007ffc581e7000 	C:\Windows\System32\OLEAUT32.dll
0x00007ffc4d8a0000 - 0x00007ffc4d8d2000 	C:\Windows\SYSTEM32\dbgcore.DLL
0x00007ffc56300000 - 0x00007ffc5637b000 	C:\Windows\System32\bcryptPrimitives.dll
0x00007ffc36a70000 - 0x00007ffc36a96000 	C:\Users\Natashka\.jdks\openjdk-19.0.2\bin\java.dll
0x00007ffc11bb0000 - 0x00007ffc11c87000 	C:\Users\Natashka\.jdks\openjdk-19.0.2\bin\jsvml.dll
0x00007ffc56d70000 - 0x00007ffc57560000 	C:\Windows\System32\SHELL32.dll
0x00007ffc53d90000 - 0x00007ffc5465e000 	C:\Windows\SYSTEM32\windows.storage.dll
0x00007ffc53c50000 - 0x00007ffc53d8e000 	C:\Windows\SYSTEM32\wintypes.dll
0x00007ffc58450000 - 0x00007ffc58541000 	C:\Windows\System32\SHCORE.dll
0x00007ffc575c0000 - 0x00007ffc5761e000 	C:\Windows\System32\shlwapi.dll
0x00007ffc55d00000 - 0x00007ffc55d21000 	C:\Windows\SYSTEM32\profapi.dll
0x00007ffc369d0000 - 0x00007ffc369e3000 	C:\Users\Natashka\.jdks\openjdk-19.0.2\bin\net.dll
0x00007ffc4f470000 - 0x00007ffc4f59f000 	C:\Windows\SYSTEM32\WINHTTP.dll
0x00007ffc55240000 - 0x00007ffc552a9000 	C:\Windows\system32\mswsock.dll
0x00007ffc369b0000 - 0x00007ffc369c6000 	C:\Users\Natashka\.jdks\openjdk-19.0.2\bin\nio.dll
0x00007ffc36470000 - 0x00007ffc36488000 	C:\Users\Natashka\.jdks\openjdk-19.0.2\bin\zip.dll
0x00007ffc400f0000 - 0x00007ffc40100000 	C:\Users\Natashka\.jdks\openjdk-19.0.2\bin\verify.dll

dbghelp: loaded successfully - version: 4.0.5 - missing functions: none
symbol engine: initialized successfully - sym options: 0x614 - pdb path: .;C:\Users\Natashka\.jdks\openjdk-19.0.2\bin;C:\Windows\SYSTEM32;C:\Windows\WinSxS\amd64_microsoft.windows.common-controls_6595b64144ccf1df_6.0.22621.608_none_a9444ca7c10bb01d;C:\Users\Natashka\.jdks\openjdk-19.0.2\bin\server

VM Arguments:
jvm_args: -Dfile.encoding=windows-1252 -Duser.country=GB -Duser.language=en -Duser.variant 
java_command: dev.hacker.avesome.AvesomeApplication
java_class_path (initial): C:\Users\Natashka\Downloads\avesome\avesome\build\classes\java\main;C:\Users\Natashka\Downloads\avesome\avesome\build\resources\main;C:\Users\Natashka\.gradle\caches\modules-2\files-2.1\org.springframework.boot\spring-boot-starter-data-jpa\3.0.5\3878bf2b2555fc1d38a9ebde0169eec4eaf6bf1c\spring-boot-starter-data-jpa-3.0.5.jar;C:\Users\Natashka\.gradle\caches\modules-2\files-2.1\org.springframework.boot\spring-boot-starter-web\3.0.5\c8f9a85fed134963b69cb2f2a0dcf151047b6cd1\spring-boot-starter-web-3.0.5.jar;C:\Users\Natashka\.gradle\caches\modules-2\files-2.1\com.h2database\h2\2.1.214\d5c2005c9e3279201e12d4776c948578b16bf8b2\h2-2.1.214.jar;C:\Users\Natashka\.gradle\caches\modules-2\files-2.1\org.springframework.boot\spring-boot-starter-aop\3.0.5\99559481bff53a47999f0fc9bdb5d89999a9e8d0\spring-boot-starter-aop-3.0.5.jar;C:\Users\Natashka\.gradle\caches\modules-2\files-2.1\org.springframework.boot\spring-boot-starter-jdbc\3.0.5\289da3f406133ff2f35c4f61fdc43e5112e45404\spring-boot-starter-jdbc-3.0.5.jar;C:\Users\Natashka\.gradle\caches\modules-2\files-2.1\org.hibernate.orm\hibernate-core\6.1.7.Final\343f47b34c96fe9c44bf9b219a7b3c5d6d2fc90e\hibernate-core-6.1.7.Final.jar;C:\Users\Natashka\.gradle\caches\modules-2\files-2.1\org.springframework.data\spring-data-jpa\3.0.4\a2f14d5216cd25bb3c1ea374d4d7c06663525268\spring-data-jpa-3.0.4.jar;C:\Users\Natashka\.gradle\caches\modules-2\files-2.1\org.springframework\spring-aspects\6.0.7\1b4656c722d3a73640ebf9d730f4f4433ceb3204\spring-aspects-6.0.7.jar;C:\Users\Natashka\.gradle\caches\modules-2\files-2.1\org.springframework.boot\spring-boot-starter-json\3.0.5\d9b191badbcc63083770ba111f9290e45e512a54\spring-boot-starter-json-3.0.5.jar;C:\Users\Natashka\.gradle\caches\modules-2\files-2.1\org.springframework.boot\spring-boot-starter\3.0.5\5d13714accd45b2b1af0d5de1495b2ed9a49fe89\spring-boot-starter-3.0.5.jar;C:\Users\Natashka\.gradle\caches\modules-2\files-2.1\org.springframework.boot\spring-boot-starter-tomcat\3.0.5\5dd71e501f2be01a359ef7187e28a523379c23f2\spring-boot-starter-tomcat-3.0.5.jar;C:\Users\Natashka\.gradle\caches\modules-2\files-2.1\org.springframework\spring-webmvc\6.0.7\2fdde1a0d3706a85fe318a4f6ebffb4f4f7c4c6d\spring-webmvc-6.0.7.jar;C:\Users\Natashka\.gradle\caches\modules-2\files-2.1\org.springframework\spring-web\6.0.7\43f8ac9c46c15d57fca00fc81ce1f2849f6cecb9\spring-web-6.0.7.jar;C:\Users\Natashka\.gradle\caches\modules-2\files-2.1\org.springframework.boot\spring-boot-autoconfigure\3.0.5\fa43d48c30a0105562ac8b0fb34e58deaa19737c\spring-boot-autoconfigure-3.0.5.jar;C:\Users\Natashka\.gradle\caches\modules-2\files-2.1\org.springframework.boot\spring-boot\3.0.5\a2aea9c55893accab2c9f3a987b5b58b277bfd42\spring-boot-3.0.5.jar;C:\Users\Natashka\.gradle\caches\modules-2\files-2.1\org.springframework\spring-context\6.0.7\439a4cc348c87014fa7ae7d20c6498a10283a6cf\spring-context-6.0.7.jar;C:\Users\Natashka\.gradle\caches\modules-2\files-2.1\org.springframework\spring-aop\6.0.7\d5b0bb68c88a4027d8e5d42f438088db86f29660\spring-aop-6.0.7.jar;C:\Users\Natashka\.gradle\caches\modules-2\files-2.1\org.aspectj\aspectjweaver\1.9.19\afbffb1210239fbba5cad73093c5b216d515838f\aspectjweaver-1.9.19.jar;C:\Users\Natashka\.gradle\caches\modules-2\files-2.1\com.zaxxer\HikariCP\5.0.1\a74c7f0a37046846e88d54f7cb6ea6d565c65f9c\HikariCP-5.0.1.jar;C:\Users\Natashka\.gradle\caches\modules-2\files-2.1\org.springframework\spring-orm\6.0.7\7e9220ca1c760920b4c9e21ac1011692eaf3240f\spring-orm-6.0.7.jar;C:\Users\Natashka\.gradle\caches\modules-2\files-2.1\org.springframework\spring-jdbc\6.0.7\a9ae58a5b4d1e233514528dff570b6601fd5eec6\spring-jdbc-6.0.7.jar;C:\Users\Natashka\.gradle\caches\modules-2\files-2.1\jakarta.persistence\jakarta.persistence-api\3.1.0\66901fa1c373c6aff65c13791cc11da72060a8d6\jakarta.persistence-api-3.1.0.jar;C:\Users\Natashka\.gradle\caches\modules-2\files-2.1\jakarta.transaction\jakarta.transaction-api\2.0.1\51a520e3fae406abb84e2e1148e6746ce3f80a1a\jakarta.transaction-api-2.0.1.jar;C:\Users\Natashka\.gradle\caches\modules-2\files-2.1\org.jboss.logging\jboss-logging\3.5.0.Final\c19307cc11f28f5e2679347e633a3294d865334d\jboss-logging-3.5.0.Final.jar;C:\Users\Natashka\.gradle\caches\modules-2\files-2.1\org.hibernate.common\hibernate-commons-annotations\6.0.6.Final\77a5f94b56d49508e0ee334751db5b78e5ccd50c\hibernate-commons-annotations-6.0.6.Final.jar;C:\Users\Natashka\.gradle\caches\modules-2\files-2.1\org.jboss\jandex\2.4.2.Final\1e1c385990b258ff1a24c801e84aebbacf70eb39\jandex-2.4.2.Final.jar;C:\Users\Natashka\.gradle\caches\modules-2\files-2.1\com.fasterxml\classmate\1.5.1\3fe0bed568c62df5e89f4f174c101eab25345b6c\classmate-1.5.1.jar;C:\Users\Natashka\.gradle\caches\modules-2\files-2.1\net.bytebuddy\byte-buddy\1.12.23\d470526e8c4566c04e9ae5d3ccb62d1a7aa58986\byte-buddy-1.12.23.jar;C:\Users\Natashka\.gradle\caches\modules-2\files-2.1\org.glassfish.jaxb\jaxb-runtime\4.0.2\e4e4e0c5b0d42054d00dc4023901572a60d368c7\jaxb-runtime-4.0.2.jar;C:\Users\Natashka\.gradle\caches\modules-2\files-2.1\org.glassfish.jaxb\jaxb-core\4.0.2\8c29249f6c10f4ee08967783831580b0f5c5360\jaxb-core-4.0.2.jar;C:\Users\Natashka\.gradle\caches\modules-2\files-2.1\jakarta.xml.bind\jakarta.xml.bind-api\4.0.0\bbb399208d288b15ec101fa4fcfc4bd77cedc97a\jakarta.xml.bind-api-4.0.0.jar;C:\Users\Natashka\.gradle\caches\modules-2\files-2.1\jakarta.inject\jakarta.inject-api\2.0.0\46fc8560b6fd17b78396d88f39c1a730457671f0\jakarta.inject-api-2.0.0.jar;C:\Users\Natashka\.gradle\caches\modules-2\files-2.1\org.antlr\antlr4-runtime\4.10.1\10839f875928f59c622d675091d51a43ea0dc5f7\antlr4-runtime-4.10.1.jar;C:\Users\Natashka\.gradle\caches\modules-2\files-2.1\org.springframework.data\spring-data-commons\3.0.4\3fb1dacb8a71a36b73a3f1ad22cc8cd3932420b3\spring-data-commons-3.0.4.jar;C:\Users\Natashka\.gradle\caches\modules-2\files-2.1\org.springframework\spring-tx\6.0.7\d062bbaf50e4acb24edda5202a9732fee38e978b\spring-tx-6.0.7.jar;C:\Users\Natashka\.gradle\caches\modules-2\files-2.1\org.springframework\spring-beans\6.0.7\1abeec454cd1a2a40cff11ed5c388228eb021871\spring-beans-6.0.7.jar;C:\Users\Natashka\.gradle\caches\modules-2\files-2.1\org.springframework\spring-expression\6.0.7\c9c93c88d35d02a0291ad7051065544fc0b674a3\spring-expression-6.0.7.jar;C:\Users\Natashka\.gradle\caches\modules-2\files-2.1\org.springframework\spring-core\6.0.7\33ad624acd55c846ec56fd65bd954b23fb2681b3\spring-core-6.0.7.jar;C:\Users\Natashka\.gradle\caches\modules-2\files-2.1\jakarta.annotation\jakarta.annotation-api\2.1.1\48b9bda22b091b1f48b13af03fe36db3be6e1ae3\jakarta.annotation-api-2.1.1.jar;C:\Users\Natashka\.gradle\caches\modules-2\files-2.1\org.springframework.boot\spring-boot-starter-logging\3.0.5\693455577f6f8c8a53f5992479358e955df74920\spring-boot-starter-logging-3.0.5.jar;C:\Users\Natashka\.gradle\caches\modules-2\files-2.1\ch.qos.logback\logback-classic\1.4.6\61f81fe5d996f077f90a08ff5ca75d01dbe752c3\logback-classic-1.4.6.jar;C:\Users\Natashka\.gradle\caches\modules-2\files-2.1\org.apache.logging.log4j\log4j-to-slf4j\2.19.0\30f4812e43172ecca5041da2cb6b965cc4777c19\log4j-to-slf4j-2.19.0.jar;C:\Users\Natashka\.gradle\caches\modules-2\files-2.1\org.slf4j\jul-to-slf4j\2.0.7\a48f44aeaa8a5ddc347007298a28173ac1fbbd8b\jul-to-slf4j-2.0.7.jar;C:\Users\Natashka\.gradle\caches\modules-2\files-2.1\org.slf4j\slf4j-api\2.0.7\41eb7184ea9d556f23e18b5cb99cad1f8581fc00\slf4j-api-2.0.7.jar;C:\Users\Natashka\.gradle\caches\modules-2\files-2.1\org.yaml\snakeyaml\1.33\2cd0a87ff7df953f810c344bdf2fe3340b954c69\snakeyaml-1.33.jar;C:\Users\Natashka\.gradle\caches\modules-2\files-2.1\com.fasterxml.jackson.datatype\jackson-datatype-jsr310\2.14.2\796518148a385b2728d44886cc0f8852eb8eeb53\jackson-datatype-jsr310-2.14.2.jar;C:\Users\Natashka\.gradle\caches\modules-2\files-2.1\com.fasterxml.jackson.module\jackson-module-parameter-names\2.14.2\2b6c19b3d99dda02915515df879ab9e23fed3864\jackson-module-parameter-names-2.14.2.jar;C:\Users\Natashka\.gradle\caches\modules-2\files-2.1\com.fasterxml.jackson.core\jackson-annotations\2.14.2\a7aae9525864930723e3453ab799521fdfd9d873\jackson-annotations-2.14.2.jar;C:\Users\Natashka\.gradle\caches\modules-2\files-2.1\com.fasterxml.jackson.core\jackson-core\2.14.2\f804090e6399ce0cf78242db086017512dd71fcc\jackson-core-2.14.2.jar;C:\Users\Natashka\.gradle\caches\modules-2\files-2.1\com.fasterxml.jackson.datatype\jackson-datatype-jdk8\2.14.2\2f3c71211b6ea7a978eba33574d7135d536e07fb\jackson-datatype-jdk8-2.14.2.jar;C:\Users\Natashka\.gradle\caches\modules-2\files-2.1\com.fasterxml.jackson.core\jackson-databind\2.14.2\1e71fddbc80bb86f71a6345ac1e8ab8a00e7134\jackson-databind-2.14.2.jar;C:\Users\Natashka\.gradle\caches\modules-2\files-2.1\org.apache.tomcat.embed\tomcat-embed-websocket\10.1.7\2dbb5446ecea57d97293e041142534ad314580ea\tomcat-embed-websocket-10.1.7.jar;C:\Users\Natashka\.gradle\caches\modules-2\files-2.1\org.apache.tomcat.embed\tomcat-embed-core\10.1.7\d486363d49c6536556af38d7e1052d56a39319e5\tomcat-embed-core-10.1.7.jar;C:\Users\Natashka\.gradle\caches\modules-2\files-2.1\org.apache.tomcat.embed\tomcat-embed-el\10.1.7\dfaad36190c21beaaefb932333f7d955165810bb\tomcat-embed-el-10.1.7.jar;C:\Users\Natashka\.gradle\caches\modules-2\files-2.1\io.micrometer\micrometer-observation\1.10.5\88cc220b1480ff39d1744f0413711e82701686a4\micrometer-observation-1.10.5.jar;C:\Users\Natashka\.gradle\caches\modules-2\files-2.1\org.eclipse.angus\angus-activation\2.0.0\72369f4e2314d38de2dcbb277141ef0226f73151\angus-activation-2.0.0.jar;C:\Users\Natashka\.gradle\caches\modules-2\files-2.1\jakarta.activation\jakarta.activation-api\2.1.1\88c774ab863a21fb2fc4219af95379fafe499a31\jakarta.activation-api-2.1.1.jar;C:\Users\Natashka\.gradle\caches\modules-2\files-2.1\org.springframework\spring-jcl\6.0.7\6250e61ccf71b83204669e0501533278ef7888f8\spring-jcl-6.0.7.jar;C:\Users\Natashka\.gradle\caches\modules-2\files-2.1\io.micrometer\micrometer-commons\1.10.5\bb78821020b0e6008e62ee919702b8d4249794d5\micrometer-commons-1.10.5.jar;C:\Users\Natashka\.gradle\caches\modules-2\files-2.1\org.glassfish.jaxb\txw2\4.0.2\24e167be69c29ebb7ee0a3b1f9b546f1dfd111fc\txw2-4.0.2.jar;C:\Users\Natashka\.gradle\caches\modules-2\files-2.1\com.sun.istack\istack-commons-runtime\4.1.1\9b3769c76235bc283b060da4fae2318c6d53f07e\istack-commons-runtime-4.1.1.jar;C:\Users\Natashka\.gradle\caches\modules-2\files-2.1\ch.qos.logback\logback-core\1.4.6\c4eb386f0fe83d61c2e8a91df50bb07e7ea95140\logback-core-1.4.6.jar;C:\Users\Natashka\.gradle\caches\modules-2\files-2.1\org.apache.logging.log4j\log4j-api\2.19.0\ea1b37f38c327596b216542bc636cfdc0b8036fa\log4j-api-2.19.0.jar
Launcher Type: SUN_STANDARD

[Global flags]
     intx CICompilerCount                          = 3                                         {product} {ergonomic}
     uint ConcGCThreads                            = 1                                         {product} {ergonomic}
     uint G1ConcRefinementThreads                  = 4                                         {product} {ergonomic}
   size_t G1HeapRegionSize                         = 1048576                                   {product} {ergonomic}
    uintx GCDrainStackTargetSize                   = 64                                        {product} {ergonomic}
   size_t InitialHeapSize                          = 123731968                                 {product} {ergonomic}
   size_t MarkStackSize                            = 4194304                                   {product} {ergonomic}
   size_t MaxHeapSize                              = 1979711488                                {product} {ergonomic}
   size_t MaxNewSize                               = 1186988032                                {product} {ergonomic}
   size_t MinHeapDeltaBytes                        = 1048576                                   {product} {ergonomic}
   size_t MinHeapSize                              = 8388608                                   {product} {ergonomic}
    uintx NonNMethodCodeHeapSize                   = 5832780                                {pd product} {ergonomic}
    uintx NonProfiledCodeHeapSize                  = 122912730                              {pd product} {ergonomic}
    uintx ProfiledCodeHeapSize                     = 122912730                              {pd product} {ergonomic}
    uintx ReservedCodeCacheSize                    = 251658240                              {pd product} {ergonomic}
     bool SegmentedCodeCache                       = true                                      {product} {ergonomic}
   size_t SoftMaxHeapSize                          = 1979711488                             {manageable} {ergonomic}
     bool UseCompressedClassPointers               = true                           {product lp64_product} {ergonomic}
     bool UseCompressedOops                        = true                           {product lp64_product} {ergonomic}
     bool UseG1GC                                  = true                                      {product} {ergonomic}
     bool UseLargePagesIndividualAllocation        = false                                  {pd product} {ergonomic}

Logging:
Log output configuration:
 #0: stdout all=warning uptime,level,tags foldmultilines=false
 #1: stderr all=off uptime,level,tags foldmultilines=false

Environment Variables:
PATH=C:\Program Files\Common Files\Oracle\Java\javapath;C:\Windows\system32;C:\Windows;C:\Windows\System32\Wbem;C:\Windows\System32\WindowsPowerShell\v1.0\;C:\Windows\System32\OpenSSH\;C:\Program Files\Docker\Docker\resources\bin;C:\Program Files\Git\cmd;C:\Users\Natashka\AppData\Local\Microsoft\WindowsApps
USERNAME=Natashka
OS=Windows_NT
PROCESSOR_IDENTIFIER=AMD64 Family 23 Model 96 Stepping 1, AuthenticAMD
TMP=C:\Users\Natashka\AppData\Local\Temp
TEMP=C:\Users\Natashka\AppData\Local\Temp



---------------  S Y S T E M  ---------------

OS:
 Windows 11 , 64 bit Build 22621 (10.0.22621.1344)
OS uptime: 16 days 5:07 hours
Hyper-V role detected

CPU: total 4 (initial active 4) (4 cores per cpu, 1 threads per core) family 23 model 96 stepping 1 microcode 0x0, cx8, cmov, fxsr, mmx, 3dnowpref, sse, sse2, sse3, ssse3, sse4a, sse4.1, sse4.2, popcnt, lzcnt, tsc, tscinvbit, avx, avx2, aes, clmul, bmi1, bmi2, adx, sha, fma, vzeroupper, clflush, clflushopt, hv, rdtscp, rdpid

Memory: 4k page, system-wide physical 7549M (284M free)
TotalPageFile size 20330M (AvailPageFile size 5M)
current process WorkingSet (physical memory assigned to process): 82M, peak: 82M
current process commit charge ("private bytes"): 216M, peak: 216M

vm_info: OpenJDK 64-Bit Server VM (19.0.2+7-44) for windows-amd64 JRE (19.0.2+7-44), built on 2022-11-30T18:02:09Z by "mach5one" with MS VC++ 17.1 (VS2022)

END.
